<?xml version="1.0" encoding="UTF-8"?>
<!-- Generated by org.testng.reporters.JUnitReportReporter -->
<testsuite hostname="DESKTOP-BQ8VFGF" failures="0" tests="4" name="testscripts.Subcategorytest" time="27.550" errors="0" timestamp="2025-03-27T11:45:49 IST" skipped="0">
  <testcase classname="testscripts.Subcategorytest" name="verifyUserIsAbleTocreateSubcategoryWithValidDetails" time="7.262"/>
  <testcase classname="testscripts.Subcategorytest" name="verifyUserIsAbleTosearchTheCreatedSubcategoryInSearchbar" time="5.788"/>
  <testcase classname="testscripts.Subcategorytest" name="verifyUserIsAbleToUpdateTheSubcategoryDetails" time="8.064"/>
  <testcase classname="testscripts.Subcategorytest" name="verifyUserIsAbleToDeleteButtonInSubcategoryTable" time="6.436"/>
</testsuite> <!-- testscripts.Subcategorytest -->
