<?xml version="1.0" encoding="UTF-8"?>
<!-- Generated by org.testng.reporters.JUnitReportReporter -->
<testsuite hostname="DESKTOP-BQ8VFGF" failures="0" tests="7" name="testscripts.Logintest" time="34.583" errors="0" timestamp="2025-03-27T11:45:49 IST" skipped="0">
  <testcase classname="testscripts.Logintest" name="verifyLoginwithInvalidUsernameAndValidpassword" time="4.032"/>
  <testcase classname="testscripts.Logintest" name="verifyUserLoginWithInValidCredential" time="6.456"/>
  <testcase classname="testscripts.Logintest" name="verifyUserLoginWithValidUseranameAndInvalidPassword" time="4.430"/>
  <testcase classname="testscripts.Logintest" name="verifyUserLoginWithInValidCredential" time="4.538"/>
  <testcase classname="testscripts.Logintest" name="verifyUserLoginWithValidCredential" time="5.801"/>
  <testcase classname="testscripts.Logintest" name="verifyUserLoginWithInValidCredential" time="4.445"/>
  <testcase classname="testscripts.Logintest" name="verifyUserLoginWithInValidCredential" time="4.881"/>
</testsuite> <!-- testscripts.Logintest -->
