<?xml version="1.0" encoding="UTF-8"?>
<!-- Generated by org.testng.reporters.JUnitReportReporter -->
<testsuite hostname="DESKTOP-BQ8VFGF" failures="0" tests="7" name="testscripts.Logintest" time="62.389" errors="0" timestamp="2025-03-26T17:36:16 IST" skipped="0">
  <testcase classname="testscripts.Logintest" name="verifyLoginwithInvalidUsernameAndValidpassword" time="5.921"/>
  <testcase classname="testscripts.Logintest" name="verifyUserLoginWithValidCredential" time="9.496"/>
  <testcase classname="testscripts.Logintest" name="verifyUserLoginWithInValidCredential" time="5.284"/>
  <testcase classname="testscripts.Logintest" name="verifyUserLoginWithInValidCredential" time="10.065"/>
  <testcase classname="testscripts.Logintest" name="verifyUserLoginWithValidUseranameAndInvalidPassword" time="14.403"/>
  <testcase classname="testscripts.Logintest" name="verifyUserLoginWithInValidCredential" time="9.378"/>
  <testcase classname="testscripts.Logintest" name="verifyUserLoginWithInValidCredential" time="7.842"/>
</testsuite> <!-- testscripts.Logintest -->
