<?xml version="1.0" encoding="UTF-8"?>
<!-- Generated by org.testng.reporters.JUnitReportReporter -->
<testsuite hostname="DESKTOP-BQ8VFGF" failures="0" tests="1" name="testscripts.Managecontacttest" time="12.651" errors="0" timestamp="2025-03-27T11:45:49 IST" skipped="0">
  <testcase classname="testscripts.Managecontacttest" name="verifyUserIsAbleToUpdateTheContactDetailsInManage" time="12.651"/>
</testsuite> <!-- testscripts.Managecontacttest -->
